<?xml version="1.0" encoding="UTF-8"?>
<testng-results skipped="0" failed="0" ignored="6" total="7" passed="1">
  <reporter-output>
    <line>
      <![CDATA[openBrowser]]>
    </line>
    <line>
      <![CDATA[login]]>
    </line>
    <line>
      <![CDATA[logout]]>
    </line>
    <line>
      <![CDATA[closeBrowser]]>
    </line>
  </reporter-output>
  <suite name="Default suite" duration-ms="31098" started-at="2022-11-25T18:33:55 IST" finished-at="2022-11-25T18:34:26 IST">
    <groups>
    </groups>
    <test name="Default test" duration-ms="31098" started-at="2022-11-25T18:33:55 IST" finished-at="2022-11-25T18:34:26 IST">
      <class name="com.zohocrm.testscript.DriveFunctionalTestCases">
        <test-method status="PASS" signature="openBrowser()[pri:0, instance:com.zohocrm.testscript.DriveFunctionalTestCases@44c8afef]" name="openBrowser" is-config="true" duration-ms="12173" started-at="2022-11-25T18:33:55 IST" finished-at="2022-11-25T18:34:07 IST">
          <reporter-output>
            <line>
              <![CDATA[openBrowser]]>
            </line>
          </reporter-output>
        </test-method> <!-- openBrowser -->
        <test-method status="PASS" signature="login()[pri:0, instance:com.zohocrm.testscript.DriveFunctionalTestCases@44c8afef]" name="login" is-config="true" duration-ms="5696" started-at="2022-11-25T18:34:07 IST" finished-at="2022-11-25T18:34:13 IST">
          <reporter-output>
            <line>
              <![CDATA[login]]>
            </line>
          </reporter-output>
        </test-method> <!-- login -->
        <test-method status="PASS" signature="testActualCostTextField()[pri:0, instance:com.zohocrm.testscript.DriveFunctionalTestCases@44c8afef]" name="testActualCostTextField" duration-ms="12407" started-at="2022-11-25T18:34:13 IST" finished-at="2022-11-25T18:34:25 IST">
          <reporter-output>
          </reporter-output>
        </test-method> <!-- testActualCostTextField -->
        <test-method status="PASS" signature="logout()[pri:0, instance:com.zohocrm.testscript.DriveFunctionalTestCases@44c8afef]" name="logout" is-config="true" duration-ms="495" started-at="2022-11-25T18:34:25 IST" finished-at="2022-11-25T18:34:26 IST">
          <reporter-output>
            <line>
              <![CDATA[logout]]>
            </line>
          </reporter-output>
        </test-method> <!-- logout -->
        <test-method status="PASS" signature="closeBrowser()[pri:0, instance:com.zohocrm.testscript.DriveFunctionalTestCases@44c8afef]" name="closeBrowser" is-config="true" duration-ms="245" started-at="2022-11-25T18:34:26 IST" finished-at="2022-11-25T18:34:26 IST">
          <reporter-output>
            <line>
              <![CDATA[closeBrowser]]>
            </line>
          </reporter-output>
        </test-method> <!-- closeBrowser -->
      </class> <!-- com.zohocrm.testscript.DriveFunctionalTestCases -->
    </test> <!-- Default test -->
  </suite> <!-- Default suite -->
</testng-results>
