<?xml version="1.0" encoding="UTF-8"?>
<!-- Generated by org.testng.reporters.JUnitXMLReporter -->
<testsuite hostname="jyothi-pc" ignored="6" name="Default test" tests="1" failures="0" timestamp="2022-11-25T18:34:26 IST" time="31.098" errors="0">
  <testcase name="testActualCostTextField" time="12.407" classname="com.zohocrm.testscript.DriveFunctionalTestCases"/>
  <testcase name="testStartDateTextField" time="0.0" classname="com.zohocrm.testscript.DriveFunctionalTestCases">
    <ignored/>
  </testcase> <!-- testStartDateTextField -->
  <testcase name="testBudgetedCostTextField" time="0.0" classname="com.zohocrm.testscript.DriveFunctionalTestCases">
    <ignored/>
  </testcase> <!-- testBudgetedCostTextField -->
  <testcase name="testEndDateTextField" time="0.0" classname="com.zohocrm.testscript.DriveFunctionalTestCases">
    <ignored/>
  </testcase> <!-- testEndDateTextField -->
  <testcase name="testDriveNameTextField" time="0.0" classname="com.zohocrm.testscript.DriveFunctionalTestCases">
    <ignored/>
  </testcase> <!-- testDriveNameTextField -->
  <testcase name="testExpectedResponseTextField" time="0.0" classname="com.zohocrm.testscript.DriveFunctionalTestCases">
    <ignored/>
  </testcase> <!-- testExpectedResponseTextField -->
  <testcase name="testExpectedRevenueTextField" time="0.0" classname="com.zohocrm.testscript.DriveFunctionalTestCases">
    <ignored/>
  </testcase> <!-- testExpectedRevenueTextField -->
</testsuite> <!-- Default test -->
