<?xml version="1.0" encoding="UTF-8"?>
<!-- Generated by org.testng.reporters.JUnitXMLReporter -->
<testsuite hostname="jyothi-pc" ignored="0" name="Test" tests="7" failures="0" timestamp="2022-11-13T00:48:37 IST" time="108.826" errors="0">
  <testcase name="testActualCostTextField" time="11.736" classname="com.zohocrm.testscript.DriveFunctionalTestCases"/>
  <testcase name="testBudgetedCostTextField" time="9.495" classname="com.zohocrm.testscript.DriveFunctionalTestCases"/>
  <testcase name="testDriveNameTextField" time="21.291" classname="com.zohocrm.testscript.DriveFunctionalTestCases"/>
  <testcase name="testEndDateTextField" time="10.134" classname="com.zohocrm.testscript.DriveFunctionalTestCases"/>
  <testcase name="testExpectedResponseTextField" time="9.562" classname="com.zohocrm.testscript.DriveFunctionalTestCases"/>
  <testcase name="testExpectedRevenueTextField" time="6.908" classname="com.zohocrm.testscript.DriveFunctionalTestCases"/>
  <testcase name="testStartDateTextField" time="8.449" classname="com.zohocrm.testscript.DriveFunctionalTestCases"/>
</testsuite> <!-- Test -->
