<?xml version="1.0" encoding="UTF-8"?>
<testng-results skipped="0" failed="0" ignored="0" total="7" passed="7">
  <reporter-output>
    <line>
      <![CDATA[openBrowser]]>
    </line>
    <line>
      <![CDATA[login]]>
    </line>
    <line>
      <![CDATA[logout]]>
    </line>
    <line>
      <![CDATA[login]]>
    </line>
    <line>
      <![CDATA[logout]]>
    </line>
    <line>
      <![CDATA[login]]>
    </line>
    <line>
      <![CDATA[logout]]>
    </line>
    <line>
      <![CDATA[login]]>
    </line>
    <line>
      <![CDATA[logout]]>
    </line>
    <line>
      <![CDATA[login]]>
    </line>
    <line>
      <![CDATA[logout]]>
    </line>
    <line>
      <![CDATA[login]]>
    </line>
    <line>
      <![CDATA[logout]]>
    </line>
    <line>
      <![CDATA[login]]>
    </line>
    <line>
      <![CDATA[logout]]>
    </line>
    <line>
      <![CDATA[closeBrowser]]>
    </line>
  </reporter-output>
  <suite name="Suite" duration-ms="108826" started-at="2022-11-13T00:46:48 IST" finished-at="2022-11-13T00:48:36 IST">
    <groups>
    </groups>
    <test name="Test" duration-ms="108826" started-at="2022-11-13T00:46:48 IST" finished-at="2022-11-13T00:48:36 IST">
      <class name="com.zohocrm.testscript.DriveFunctionalTestCases">
        <test-method status="PASS" signature="openBrowser()[pri:0, instance:com.zohocrm.testscript.DriveFunctionalTestCases@5f3a4b84]" name="openBrowser" is-config="true" duration-ms="4240" started-at="2022-11-13T00:46:48 IST" finished-at="2022-11-13T00:46:52 IST">
          <reporter-output>
            <line>
              <![CDATA[openBrowser]]>
            </line>
          </reporter-output>
        </test-method> <!-- openBrowser -->
        <test-method status="PASS" signature="login()[pri:0, instance:com.zohocrm.testscript.DriveFunctionalTestCases@5f3a4b84]" name="login" is-config="true" duration-ms="7084" started-at="2022-11-13T00:46:52 IST" finished-at="2022-11-13T00:46:59 IST">
          <reporter-output>
            <line>
              <![CDATA[login]]>
            </line>
          </reporter-output>
        </test-method> <!-- login -->
        <test-method status="PASS" signature="testActualCostTextField()[pri:0, instance:com.zohocrm.testscript.DriveFunctionalTestCases@5f3a4b84]" name="testActualCostTextField" duration-ms="11736" started-at="2022-11-13T00:46:59 IST" finished-at="2022-11-13T00:47:11 IST">
          <reporter-output>
          </reporter-output>
        </test-method> <!-- testActualCostTextField -->
        <test-method status="PASS" signature="logout()[pri:0, instance:com.zohocrm.testscript.DriveFunctionalTestCases@5f3a4b84]" name="logout" is-config="true" duration-ms="1002" started-at="2022-11-13T00:47:11 IST" finished-at="2022-11-13T00:47:12 IST">
          <reporter-output>
            <line>
              <![CDATA[logout]]>
            </line>
          </reporter-output>
        </test-method> <!-- logout -->
        <test-method status="PASS" signature="login()[pri:0, instance:com.zohocrm.testscript.DriveFunctionalTestCases@5f3a4b84]" name="login" is-config="true" duration-ms="2325" started-at="2022-11-13T00:47:12 IST" finished-at="2022-11-13T00:47:14 IST">
          <reporter-output>
            <line>
              <![CDATA[login]]>
            </line>
          </reporter-output>
        </test-method> <!-- login -->
        <test-method status="PASS" signature="testBudgetedCostTextField()[pri:0, instance:com.zohocrm.testscript.DriveFunctionalTestCases@5f3a4b84]" name="testBudgetedCostTextField" duration-ms="9495" started-at="2022-11-13T00:47:14 IST" finished-at="2022-11-13T00:47:24 IST">
          <reporter-output>
          </reporter-output>
        </test-method> <!-- testBudgetedCostTextField -->
        <test-method status="PASS" signature="logout()[pri:0, instance:com.zohocrm.testscript.DriveFunctionalTestCases@5f3a4b84]" name="logout" is-config="true" duration-ms="1008" started-at="2022-11-13T00:47:24 IST" finished-at="2022-11-13T00:47:25 IST">
          <reporter-output>
            <line>
              <![CDATA[logout]]>
            </line>
          </reporter-output>
        </test-method> <!-- logout -->
        <test-method status="PASS" signature="login()[pri:0, instance:com.zohocrm.testscript.DriveFunctionalTestCases@5f3a4b84]" name="login" is-config="true" duration-ms="2474" started-at="2022-11-13T00:47:25 IST" finished-at="2022-11-13T00:47:27 IST">
          <reporter-output>
            <line>
              <![CDATA[login]]>
            </line>
          </reporter-output>
        </test-method> <!-- login -->
        <test-method status="PASS" signature="testDriveNameTextField()[pri:0, instance:com.zohocrm.testscript.DriveFunctionalTestCases@5f3a4b84]" name="testDriveNameTextField" duration-ms="21291" started-at="2022-11-13T00:47:27 IST" finished-at="2022-11-13T00:47:48 IST">
          <reporter-output>
          </reporter-output>
        </test-method> <!-- testDriveNameTextField -->
        <test-method status="PASS" signature="logout()[pri:0, instance:com.zohocrm.testscript.DriveFunctionalTestCases@5f3a4b84]" name="logout" is-config="true" duration-ms="730" started-at="2022-11-13T00:47:48 IST" finished-at="2022-11-13T00:47:49 IST">
          <reporter-output>
            <line>
              <![CDATA[logout]]>
            </line>
          </reporter-output>
        </test-method> <!-- logout -->
        <test-method status="PASS" signature="login()[pri:0, instance:com.zohocrm.testscript.DriveFunctionalTestCases@5f3a4b84]" name="login" is-config="true" duration-ms="2828" started-at="2022-11-13T00:47:49 IST" finished-at="2022-11-13T00:47:52 IST">
          <reporter-output>
            <line>
              <![CDATA[login]]>
            </line>
          </reporter-output>
        </test-method> <!-- login -->
        <test-method status="PASS" signature="testEndDateTextField()[pri:0, instance:com.zohocrm.testscript.DriveFunctionalTestCases@5f3a4b84]" name="testEndDateTextField" duration-ms="10134" started-at="2022-11-13T00:47:52 IST" finished-at="2022-11-13T00:48:02 IST">
          <reporter-output>
          </reporter-output>
        </test-method> <!-- testEndDateTextField -->
        <test-method status="PASS" signature="logout()[pri:0, instance:com.zohocrm.testscript.DriveFunctionalTestCases@5f3a4b84]" name="logout" is-config="true" duration-ms="458" started-at="2022-11-13T00:48:02 IST" finished-at="2022-11-13T00:48:03 IST">
          <reporter-output>
            <line>
              <![CDATA[logout]]>
            </line>
          </reporter-output>
        </test-method> <!-- logout -->
        <test-method status="PASS" signature="login()[pri:0, instance:com.zohocrm.testscript.DriveFunctionalTestCases@5f3a4b84]" name="login" is-config="true" duration-ms="2413" started-at="2022-11-13T00:48:03 IST" finished-at="2022-11-13T00:48:05 IST">
          <reporter-output>
            <line>
              <![CDATA[login]]>
            </line>
          </reporter-output>
        </test-method> <!-- login -->
        <test-method status="PASS" signature="testExpectedResponseTextField()[pri:0, instance:com.zohocrm.testscript.DriveFunctionalTestCases@5f3a4b84]" name="testExpectedResponseTextField" duration-ms="9562" started-at="2022-11-13T00:48:05 IST" finished-at="2022-11-13T00:48:15 IST">
          <reporter-output>
          </reporter-output>
        </test-method> <!-- testExpectedResponseTextField -->
        <test-method status="PASS" signature="logout()[pri:0, instance:com.zohocrm.testscript.DriveFunctionalTestCases@5f3a4b84]" name="logout" is-config="true" duration-ms="562" started-at="2022-11-13T00:48:15 IST" finished-at="2022-11-13T00:48:15 IST">
          <reporter-output>
            <line>
              <![CDATA[logout]]>
            </line>
          </reporter-output>
        </test-method> <!-- logout -->
        <test-method status="PASS" signature="login()[pri:0, instance:com.zohocrm.testscript.DriveFunctionalTestCases@5f3a4b84]" name="login" is-config="true" duration-ms="2620" started-at="2022-11-13T00:48:15 IST" finished-at="2022-11-13T00:48:18 IST">
          <reporter-output>
            <line>
              <![CDATA[login]]>
            </line>
          </reporter-output>
        </test-method> <!-- login -->
        <test-method status="PASS" signature="testExpectedRevenueTextField()[pri:0, instance:com.zohocrm.testscript.DriveFunctionalTestCases@5f3a4b84]" name="testExpectedRevenueTextField" duration-ms="6908" started-at="2022-11-13T00:48:18 IST" finished-at="2022-11-13T00:48:25 IST">
          <reporter-output>
          </reporter-output>
        </test-method> <!-- testExpectedRevenueTextField -->
        <test-method status="PASS" signature="logout()[pri:0, instance:com.zohocrm.testscript.DriveFunctionalTestCases@5f3a4b84]" name="logout" is-config="true" duration-ms="450" started-at="2022-11-13T00:48:25 IST" finished-at="2022-11-13T00:48:25 IST">
          <reporter-output>
            <line>
              <![CDATA[logout]]>
            </line>
          </reporter-output>
        </test-method> <!-- logout -->
        <test-method status="PASS" signature="login()[pri:0, instance:com.zohocrm.testscript.DriveFunctionalTestCases@5f3a4b84]" name="login" is-config="true" duration-ms="2396" started-at="2022-11-13T00:48:25 IST" finished-at="2022-11-13T00:48:27 IST">
          <reporter-output>
            <line>
              <![CDATA[login]]>
            </line>
          </reporter-output>
        </test-method> <!-- login -->
        <test-method status="PASS" signature="testStartDateTextField()[pri:0, instance:com.zohocrm.testscript.DriveFunctionalTestCases@5f3a4b84]" name="testStartDateTextField" duration-ms="8449" started-at="2022-11-13T00:48:27 IST" finished-at="2022-11-13T00:48:36 IST">
          <reporter-output>
          </reporter-output>
        </test-method> <!-- testStartDateTextField -->
        <test-method status="PASS" signature="logout()[pri:0, instance:com.zohocrm.testscript.DriveFunctionalTestCases@5f3a4b84]" name="logout" is-config="true" duration-ms="400" started-at="2022-11-13T00:48:36 IST" finished-at="2022-11-13T00:48:36 IST">
          <reporter-output>
            <line>
              <![CDATA[logout]]>
            </line>
          </reporter-output>
        </test-method> <!-- logout -->
        <test-method status="PASS" signature="closeBrowser()[pri:0, instance:com.zohocrm.testscript.DriveFunctionalTestCases@5f3a4b84]" name="closeBrowser" is-config="true" duration-ms="139" started-at="2022-11-13T00:48:36 IST" finished-at="2022-11-13T00:48:36 IST">
          <reporter-output>
            <line>
              <![CDATA[closeBrowser]]>
            </line>
          </reporter-output>
        </test-method> <!-- closeBrowser -->
      </class> <!-- com.zohocrm.testscript.DriveFunctionalTestCases -->
    </test> <!-- Test -->
  </suite> <!-- Suite -->
</testng-results>
